<?xml version="1.0" encoding="UTF-8"?>
<!-- Generated by org.testng.reporters.JUnitXMLReporter -->
<testsuite ignored="0" hostname="LAPTOP-GNM6GJCG" failures="0" tests="4" name="Default test" time="1.579" errors="0" timestamp="2022-08-21T17:35:33 ICT">
  <testcase classname="restAPI.GetRequests" name="testAllAntipyretics" time="1.455"/>
  <testcase classname="restAPI.GetRequests" name="testAllProducts" time="0.031"/>
  <testcase classname="restAPI.GetRequests" name="testMostPurchasedProducts" time="0.029"/>
  <testcase classname="restAPI.GetRequests" name="testMostViewedProducts" time="0.027"/>
</testsuite> <!-- Default test -->
