<?xml version="1.0" encoding="UTF-8"?>
<!-- Generated by org.testng.reporters.JUnitXMLReporter -->
<testsuite ignored="8" hostname="LAPTOP-GNM6GJCG" failures="0" tests="9" name="testng" time="112.894" errors="0" timestamp="2022-08-21T18:00:37 ICT">
  <testcase classname="testcases.ViewProductsTest" name="ParameterizedTest" time="4.889"/>
  <testcase classname="testcases.AdminAddCategoryTest" name="ParameterizedTest" time="11.236"/>
  <testcase classname="testcases.NewUserTest" name="ParameterizedTest" time="22.389"/>
  <testcase classname="testcases.UserEndToEndTest" name="ParameterizedTest" time="36.572"/>
  <testcase classname="testcases.AdminEndToEndTest" name="ParameterizedTest" time="17.472"/>
  <testcase classname="restAPI.GetRequests" name="testAllAntipyretics" time="2.268"/>
  <testcase classname="restAPI.GetRequests" name="testAllProducts" time="0.05"/>
  <testcase classname="restAPI.GetRequests" name="testMostPurchasedProducts" time="0.038"/>
  <testcase classname="restAPI.GetRequests" name="testMostViewedProducts" time="0.04"/>
  <testcase classname="testcases.BaseClass" name="@AfterTest DataTearDown" time="0.0">
    <ignored/>
  </testcase> <!-- @AfterTest DataTearDown -->
  <testcase classname="testcases.BaseClass" name="@AfterTest DataTearDown" time="0.0">
    <ignored/>
  </testcase> <!-- @AfterTest DataTearDown -->
  <testcase classname="testcases.BaseClass" name="@BeforeTest DataSetUP" time="0.0">
    <ignored/>
  </testcase> <!-- @BeforeTest DataSetUP -->
  <testcase classname="testcases.BaseClass" name="@AfterTest DataTearDown" time="0.0">
    <ignored/>
  </testcase> <!-- @AfterTest DataTearDown -->
  <testcase classname="testcases.BaseClass" name="@BeforeTest DataSetUP" time="0.0">
    <ignored/>
  </testcase> <!-- @BeforeTest DataSetUP -->
  <testcase classname="testcases.BaseClass" name="@AfterTest DataTearDown" time="0.0">
    <ignored/>
  </testcase> <!-- @AfterTest DataTearDown -->
  <testcase classname="testcases.BaseClass" name="@BeforeTest DataSetUP" time="0.0">
    <ignored/>
  </testcase> <!-- @BeforeTest DataSetUP -->
  <testcase classname="testcases.BaseClass" name="@BeforeTest DataSetUP" time="0.0">
    <ignored/>
  </testcase> <!-- @BeforeTest DataSetUP -->
</testsuite> <!-- testng -->
