<?xml version="1.0" encoding="UTF-8"?>
<testng-results ignored="8" total="17" passed="9" failed="0" skipped="0">
  <reporter-output>
  </reporter-output>
  <suite started-at="2022-08-21T17:58:44 ICT" name="Suite" finished-at="2022-08-21T18:00:37 ICT" duration-ms="112894">
    <groups>
    </groups>
    <test started-at="2022-08-21T17:58:44 ICT" name="testng" finished-at="2022-08-21T18:00:37 ICT" duration-ms="112894">
      <class name="testcases.UserEndToEndTest">
        <test-method is-config="true" signature="SetUp(java.lang.reflect.Method)[pri:0, instance:testcases.UserEndToEndTest@783a467b]" started-at="2022-08-21T17:59:31 ICT" name="SetUp" finished-at="2022-08-21T17:59:38 ICT" duration-ms="6742" status="PASS">
          <params>
            <param index="0">
              <value>
                <![CDATA[public void testcases.UserEndToEndTest.ParameterizedTest(java.lang.String,java.lang.String) throws java.lang.InterruptedException]]>
              </value>
            </param>
          </params>
          <reporter-output>
          </reporter-output>
        </test-method> <!-- SetUp -->
        <test-method signature="ParameterizedTest(java.lang.String,java.lang.String)[pri:1, instance:testcases.UserEndToEndTest@783a467b]" started-at="2022-08-21T17:59:38 ICT" name="ParameterizedTest" finished-at="2022-08-21T18:00:14 ICT" duration-ms="36572" status="PASS">
          <params>
            <param index="0">
              <value>
                <![CDATA[kn@gmail.com]]>
              </value>
            </param>
            <param index="1">
              <value>
                <![CDATA[12345]]>
              </value>
            </param>
          </params>
          <reporter-output>
          </reporter-output>
        </test-method> <!-- ParameterizedTest -->
        <test-method is-config="true" signature="TearDown()[pri:0, instance:testcases.UserEndToEndTest@783a467b]" started-at="2022-08-21T18:00:14 ICT" name="TearDown" finished-at="2022-08-21T18:00:14 ICT" duration-ms="1" status="PASS">
          <reporter-output>
          </reporter-output>
        </test-method> <!-- TearDown -->
      </class> <!-- testcases.UserEndToEndTest -->
      <class name="restAPI.GetRequests">
        <test-method signature="testAllAntipyretics()[pri:0, instance:restAPI.GetRequests@73e9cf30]" started-at="2022-08-21T18:00:34 ICT" name="testAllAntipyretics" finished-at="2022-08-21T18:00:36 ICT" duration-ms="2268" status="PASS">
          <reporter-output>
          </reporter-output>
        </test-method> <!-- testAllAntipyretics -->
        <test-method signature="testAllProducts()[pri:0, instance:restAPI.GetRequests@73e9cf30]" started-at="2022-08-21T18:00:36 ICT" name="testAllProducts" finished-at="2022-08-21T18:00:36 ICT" duration-ms="50" status="PASS">
          <reporter-output>
          </reporter-output>
        </test-method> <!-- testAllProducts -->
        <test-method signature="testMostPurchasedProducts()[pri:0, instance:restAPI.GetRequests@73e9cf30]" started-at="2022-08-21T18:00:36 ICT" name="testMostPurchasedProducts" finished-at="2022-08-21T18:00:36 ICT" duration-ms="38" status="PASS">
          <reporter-output>
          </reporter-output>
        </test-method> <!-- testMostPurchasedProducts -->
        <test-method signature="testMostViewedProducts()[pri:0, instance:restAPI.GetRequests@73e9cf30]" started-at="2022-08-21T18:00:36 ICT" name="testMostViewedProducts" finished-at="2022-08-21T18:00:37 ICT" duration-ms="40" status="PASS">
          <reporter-output>
          </reporter-output>
        </test-method> <!-- testMostViewedProducts -->
      </class> <!-- restAPI.GetRequests -->
      <class name="testcases.AdminAddCategoryTest">
        <test-method is-config="true" signature="SetUp(java.lang.reflect.Method)[pri:0, instance:testcases.AdminAddCategoryTest@273e7444]" started-at="2022-08-21T17:58:52 ICT" name="SetUp" finished-at="2022-08-21T17:58:54 ICT" duration-ms="1535" status="PASS">
          <params>
            <param index="0">
              <value>
                <![CDATA[public void testcases.AdminAddCategoryTest.ParameterizedTest(java.lang.String,java.lang.String) throws java.lang.InterruptedException]]>
              </value>
            </param>
          </params>
          <reporter-output>
          </reporter-output>
        </test-method> <!-- SetUp -->
        <test-method signature="ParameterizedTest(java.lang.String,java.lang.String)[pri:2, instance:testcases.AdminAddCategoryTest@273e7444]" started-at="2022-08-21T17:58:54 ICT" name="ParameterizedTest" finished-at="2022-08-21T17:59:05 ICT" duration-ms="11236" status="PASS">
          <params>
            <param index="0">
              <value>
                <![CDATA[vk@gmail.com]]>
              </value>
            </param>
            <param index="1">
              <value>
                <![CDATA[admin]]>
              </value>
            </param>
          </params>
          <reporter-output>
          </reporter-output>
        </test-method> <!-- ParameterizedTest -->
        <test-method is-config="true" signature="TearDown()[pri:0, instance:testcases.AdminAddCategoryTest@273e7444]" started-at="2022-08-21T17:59:05 ICT" name="TearDown" finished-at="2022-08-21T17:59:05 ICT" duration-ms="0" status="PASS">
          <reporter-output>
          </reporter-output>
        </test-method> <!-- TearDown -->
      </class> <!-- testcases.AdminAddCategoryTest -->
      <class name="testcases.AdminEndToEndTest">
        <test-method is-config="true" signature="SetUp(java.lang.reflect.Method)[pri:0, instance:testcases.AdminEndToEndTest@272113c4]" started-at="2022-08-21T18:00:14 ICT" name="SetUp" finished-at="2022-08-21T18:00:17 ICT" duration-ms="2296" status="PASS">
          <params>
            <param index="0">
              <value>
                <![CDATA[public void testcases.AdminEndToEndTest.ParameterizedTest(java.lang.String,java.lang.String) throws java.lang.InterruptedException]]>
              </value>
            </param>
          </params>
          <reporter-output>
          </reporter-output>
        </test-method> <!-- SetUp -->
        <test-method signature="ParameterizedTest(java.lang.String,java.lang.String)[pri:4, instance:testcases.AdminEndToEndTest@272113c4]" started-at="2022-08-21T18:00:17 ICT" name="ParameterizedTest" finished-at="2022-08-21T18:00:34 ICT" duration-ms="17472" status="PASS">
          <params>
            <param index="0">
              <value>
                <![CDATA[vk@gmail.com]]>
              </value>
            </param>
            <param index="1">
              <value>
                <![CDATA[admin]]>
              </value>
            </param>
          </params>
          <reporter-output>
          </reporter-output>
        </test-method> <!-- ParameterizedTest -->
        <test-method is-config="true" signature="TearDown()[pri:0, instance:testcases.AdminEndToEndTest@272113c4]" started-at="2022-08-21T18:00:34 ICT" name="TearDown" finished-at="2022-08-21T18:00:34 ICT" duration-ms="1" status="PASS">
          <reporter-output>
          </reporter-output>
        </test-method> <!-- TearDown -->
      </class> <!-- testcases.AdminEndToEndTest -->
      <class name="testcases.ViewProductsTest">
        <test-method is-config="true" signature="DataSetUP()[pri:0, instance:testcases.ViewProductsTest@48aca48b]" started-at="2022-08-21T17:58:44 ICT" name="DataSetUP" finished-at="2022-08-21T17:58:44 ICT" duration-ms="136" status="PASS">
          <reporter-output>
          </reporter-output>
        </test-method> <!-- DataSetUP -->
        <test-method is-config="true" signature="SetUp(java.lang.reflect.Method)[pri:0, instance:testcases.ViewProductsTest@48aca48b]" started-at="2022-08-21T17:58:44 ICT" name="SetUp" finished-at="2022-08-21T17:58:47 ICT" duration-ms="3157" status="PASS">
          <params>
            <param index="0">
              <value>
                <![CDATA[public void testcases.ViewProductsTest.ParameterizedTest(java.lang.String,java.lang.String) throws java.lang.InterruptedException]]>
              </value>
            </param>
          </params>
          <reporter-output>
          </reporter-output>
        </test-method> <!-- SetUp -->
        <test-method signature="ParameterizedTest(java.lang.String,java.lang.String)[pri:0, instance:testcases.ViewProductsTest@48aca48b]" started-at="2022-08-21T17:58:47 ICT" name="ParameterizedTest" finished-at="2022-08-21T17:58:52 ICT" duration-ms="4889" status="PASS">
          <params>
            <param index="0">
              <value>
                <![CDATA[kn@gmail.com]]>
              </value>
            </param>
            <param index="1">
              <value>
                <![CDATA[12345]]>
              </value>
            </param>
          </params>
          <reporter-output>
          </reporter-output>
        </test-method> <!-- ParameterizedTest -->
        <test-method is-config="true" signature="TearDown()[pri:0, instance:testcases.ViewProductsTest@48aca48b]" started-at="2022-08-21T17:58:52 ICT" name="TearDown" finished-at="2022-08-21T17:58:52 ICT" duration-ms="2" status="PASS">
          <reporter-output>
          </reporter-output>
        </test-method> <!-- TearDown -->
        <test-method is-config="true" signature="DataTearDown()[pri:0, instance:testcases.ViewProductsTest@48aca48b]" started-at="2022-08-21T18:00:37 ICT" name="DataTearDown" finished-at="2022-08-21T18:00:37 ICT" duration-ms="408" status="PASS">
          <reporter-output>
          </reporter-output>
        </test-method> <!-- DataTearDown -->
      </class> <!-- testcases.ViewProductsTest -->
      <class name="testcases.NewUserTest">
        <test-method is-config="true" signature="SetUp(java.lang.reflect.Method)[pri:0, instance:testcases.NewUserTest@7db12bb6]" started-at="2022-08-21T17:59:05 ICT" name="SetUp" finished-at="2022-08-21T17:59:09 ICT" duration-ms="3619" status="PASS">
          <params>
            <param index="0">
              <value>
                <![CDATA[public void testcases.NewUserTest.ParameterizedTest(java.lang.String,java.lang.String,java.lang.String,java.lang.String,java.lang.String) throws java.lang.InterruptedException]]>
              </value>
            </param>
          </params>
          <reporter-output>
          </reporter-output>
        </test-method> <!-- SetUp -->
        <test-method signature="ParameterizedTest(java.lang.String,java.lang.String,java.lang.String,java.lang.String,java.lang.String)[pri:3, instance:testcases.NewUserTest@7db12bb6]" started-at="2022-08-21T17:59:09 ICT" name="ParameterizedTest" finished-at="2022-08-21T17:59:31 ICT" duration-ms="22389" status="PASS">
          <params>
            <param index="0">
              <value>
                <![CDATA[Mary]]>
              </value>
            </param>
            <param index="1">
              <value>
                <![CDATA[Campbell]]>
              </value>
            </param>
            <param index="2">
              <value>
                <![CDATA[abc@xyz434857.com]]>
              </value>
            </param>
            <param index="3">
              <value>
                <![CDATA[1234567899]]>
              </value>
            </param>
            <param index="4">
              <value>
                <![CDATA[Qwerty1$]]>
              </value>
            </param>
          </params>
          <reporter-output>
          </reporter-output>
        </test-method> <!-- ParameterizedTest -->
        <test-method is-config="true" signature="TearDown()[pri:0, instance:testcases.NewUserTest@7db12bb6]" started-at="2022-08-21T17:59:31 ICT" name="TearDown" finished-at="2022-08-21T17:59:31 ICT" duration-ms="1" status="PASS">
          <reporter-output>
          </reporter-output>
        </test-method> <!-- TearDown -->
      </class> <!-- testcases.NewUserTest -->
    </test> <!-- testng -->
  </suite> <!-- Suite -->
</testng-results>
